[ 2015-07-11T00:00:44+08:00 ] 127.0.0.1 /Public/Admin/resource/js/skins.min.js.map
ERR: 非法操作:Admin

[ 2015-07-11T00:00:44+08:00 ] 127.0.0.1 /Public/Admin/resource/js/beyond.min.js.map
ERR: 非法操作:Admin

[ 2015-07-11T00:00:45+08:00 ] 127.0.0.1 /addressbook/get_member
INFO: [ app_begin ] --START--
INFO: Run Behavior\ReadHtmlCacheBehavior [ RunTime:0.000000s ]
INFO: [ app_begin ] --END-- [ RunTime:0.001000s ]
INFO: [ action_begin ] --START--
INFO: Run Admin\Behavior\AuthCheckBehavior [ RunTime:0.000000s ]
INFO: [ action_begin ] --END-- [ RunTime:0.000000s ]
SQL: SHOW COLUMNS FROM `soa_dept` [ RunTime:0.0030s ]
SQL: SHOW COLUMNS FROM `soa_position` [ RunTime:0.0030s ]
SQL: SHOW COLUMNS FROM `soa_rank` [ RunTime:0.0040s ]
SQL: SHOW COLUMNS FROM `soa_member` [ RunTime:0.0030s ]
SQL: SELECT * FROM `soa_member` WHERE `id` = 1 LIMIT 1   [ RunTime:0.0000s ]

[ 2015-07-11T00:01:03+08:00 ] 127.0.0.1 /Public/Admin/resource/js/skins.min.js.map
ERR: 非法操作:Admin

[ 2015-07-11T00:01:03+08:00 ] 127.0.0.1 /Public/Admin/resource/js/beyond.min.js.map
ERR: 非法操作:Admin

[ 2015-07-11T00:01:03+08:00 ] 127.0.0.1 /addressbook/get_member
INFO: [ app_begin ] --START--
INFO: Run Behavior\ReadHtmlCacheBehavior [ RunTime:0.001000s ]
INFO: [ app_begin ] --END-- [ RunTime:0.001000s ]
INFO: [ action_begin ] --START--
INFO: Run Admin\Behavior\AuthCheckBehavior [ RunTime:0.001000s ]
INFO: [ action_begin ] --END-- [ RunTime:0.001000s ]
SQL: SHOW COLUMNS FROM `soa_dept` [ RunTime:0.0030s ]
SQL: SHOW COLUMNS FROM `soa_position` [ RunTime:0.0030s ]
SQL: SHOW COLUMNS FROM `soa_rank` [ RunTime:0.0030s ]
SQL: SHOW COLUMNS FROM `soa_member` [ RunTime:0.0030s ]
SQL: SELECT * FROM `soa_member` WHERE `id` = 1 LIMIT 1   [ RunTime:0.0010s ]

[ 2015-07-11T00:01:58+08:00 ] 127.0.0.1 /map/get_map
INFO: [ app_begin ] --START--
INFO: Run Behavior\ReadHtmlCacheBehavior [ RunTime:0.000000s ]
INFO: [ app_begin ] --END-- [ RunTime:0.002000s ]
INFO: [ action_begin ] --START--
INFO: Run Admin\Behavior\AuthCheckBehavior [ RunTime:0.001000s ]
INFO: [ action_begin ] --END-- [ RunTime:0.001000s ]
SQL: SHOW COLUMNS FROM `soa_map` [ RunTime:0.0040s ]
SQL: SELECT * FROM `soa_map` WHERE `id` = 4 LIMIT 1   [ RunTime:0.0000s ]
INFO: [ app_end ] --START--
INFO: Run Behavior\ShowPageTraceBehavior [ RunTime:0.001000s ]
INFO: [ app_end ] --END-- [ RunTime:0.001000s ]

[ 2015-07-11T00:02:00+08:00 ] 127.0.0.1 /map/get_map
INFO: [ app_begin ] --START--
INFO: Run Behavior\ReadHtmlCacheBehavior [ RunTime:0.001000s ]
INFO: [ app_begin ] --END-- [ RunTime:0.001000s ]
INFO: [ action_begin ] --START--
INFO: Run Admin\Behavior\AuthCheckBehavior [ RunTime:0.001001s ]
INFO: [ action_begin ] --END-- [ RunTime:0.001001s ]
SQL: SHOW COLUMNS FROM `soa_map` [ RunTime:0.0030s ]
SQL: SELECT * FROM `soa_map` WHERE `id` = 6 LIMIT 1   [ RunTime:0.0000s ]
INFO: [ app_end ] --START--
INFO: Run Behavior\ShowPageTraceBehavior [ RunTime:0.001000s ]
INFO: [ app_end ] --END-- [ RunTime:0.001000s ]

[ 2015-07-11T00:02:03+08:00 ] 127.0.0.1 /map/get_map
INFO: [ app_begin ] --START--
INFO: Run Behavior\ReadHtmlCacheBehavior [ RunTime:0.001001s ]
INFO: [ app_begin ] --END-- [ RunTime:0.001001s ]
INFO: [ action_begin ] --START--
INFO: Run Admin\Behavior\AuthCheckBehavior [ RunTime:0.001000s ]
INFO: [ action_begin ] --END-- [ RunTime:0.001000s ]
SQL: SHOW COLUMNS FROM `soa_map` [ RunTime:0.0030s ]
SQL: SELECT * FROM `soa_map` WHERE `id` = 9 LIMIT 1   [ RunTime:0.0000s ]
INFO: [ app_end ] --START--
INFO: Run Behavior\ShowPageTraceBehavior [ RunTime:0.000000s ]
INFO: [ app_end ] --END-- [ RunTime:0.001000s ]

[ 2015-07-11T00:06:09+08:00 ] 127.0.0.1 /addressbook/get_member
INFO: [ app_begin ] --START--
INFO: Run Behavior\ReadHtmlCacheBehavior [ RunTime:0.001000s ]
INFO: [ app_begin ] --END-- [ RunTime:0.001000s ]
INFO: [ action_begin ] --START--
INFO: Run Admin\Behavior\AuthCheckBehavior [ RunTime:0.001000s ]
INFO: [ action_begin ] --END-- [ RunTime:0.001000s ]
SQL: SHOW COLUMNS FROM `soa_dept` [ RunTime:0.0050s ]
SQL: SHOW COLUMNS FROM `soa_position` [ RunTime:0.0030s ]
SQL: SHOW COLUMNS FROM `soa_rank` [ RunTime:0.0040s ]
SQL: SHOW COLUMNS FROM `soa_member` [ RunTime:0.0040s ]
SQL: SELECT * FROM `soa_member` WHERE `id` = 1 LIMIT 1   [ RunTime:0.0010s ]

[ 2015-07-11T00:06:17+08:00 ] 127.0.0.1 /addressbook/update_member
INFO: [ app_begin ] --START--
INFO: Run Behavior\ReadHtmlCacheBehavior [ RunTime:0.000000s ]
INFO: [ app_begin ] --END-- [ RunTime:0.000000s ]
INFO: [ action_begin ] --START--
INFO: Run Admin\Behavior\AuthCheckBehavior [ RunTime:0.000000s ]
INFO: [ action_begin ] --END-- [ RunTime:0.001000s ]
SQL: SHOW COLUMNS FROM `soa_dept` [ RunTime:0.0030s ]
SQL: SHOW COLUMNS FROM `soa_position` [ RunTime:0.0030s ]
SQL: SHOW COLUMNS FROM `soa_rank` [ RunTime:0.0030s ]
SQL: SHOW COLUMNS FROM `soa_member` [ RunTime:0.0040s ]
NOTIC: [8] Undefined variable: status Q:\www\soa\Application\Admin\Controller\AddressbookController.class.php 第 297 行.
SQL: SELECT * FROM `soa_member` WHERE `id` = 1 LIMIT 1   [ RunTime:0.0010s ]
NOTIC: [8] Undefined variable: status Q:\www\soa\Application\Admin\Controller\AddressbookController.class.php 第 320 行.
SQL: UPDATE `soa_member` SET `account`='dazhi',`name`='秦智',`letter`='QZ',`dept_id`=',5,',`position_id`='0',`position_str`='php工程师',`password`=NULL,`avatar`='',`email`='631248045@qq.com',`qq`='631248045',`weixinid`='qz631248045',`office_tel`='',`mobile_tel`='15874246906',`sex`='1',`birthday`='1991-02-06',`site`='长房西郡',`duty`='开发',`last_login_ip`=NULL,`last_login_time`=NULL,`login_count`=NULL,`post_time`='1436436719',`update_time`='1436544377' WHERE `id` = 1 [ RunTime:0.0610s ]
INFO: [ app_end ] --START--
INFO: Run Behavior\ShowPageTraceBehavior [ RunTime:0.000000s ]
INFO: [ app_end ] --END-- [ RunTime:0.001000s ]

