[ 2015-06-29T21:38:31+08:00 ] 127.0.0.1 /
INFO: [ app_init ] --START--
INFO: Run Behavior\BuildLiteBehavior [ RunTime:0.000000s ]
INFO: [ app_init ] --END-- [ RunTime:0.002000s ]
NOTIC: [8] Constant BIND_MODULE already defined Q:\www\soa\ThinkPHP\Library\Think\Dispatcher.class.php 第 75 行.
INFO: [ app_begin ] --START--
INFO: Run Behavior\ReadHtmlCacheBehavior [ RunTime:0.002000s ]
INFO: [ app_begin ] --END-- [ RunTime:0.002000s ]
ERR: 无法加载控制器:Index

[ 2015-06-29T21:38:31+08:00 ] 127.0.0.1 /favicon.ico
INFO: [ app_init ] --START--
INFO: Run Behavior\BuildLiteBehavior [ RunTime:0.000000s ]
INFO: [ app_init ] --END-- [ RunTime:0.001001s ]
NOTIC: [8] Constant BIND_MODULE already defined Q:\www\soa\ThinkPHP\Library\Think\Dispatcher.class.php 第 75 行.

[ 2015-06-29T21:38:31+08:00 ] 127.0.0.1 /favicon.ico
INFO: [ app_init ] --START--
INFO: Run Behavior\BuildLiteBehavior [ RunTime:0.001000s ]
INFO: [ app_init ] --END-- [ RunTime:0.001000s ]
NOTIC: [8] Constant BIND_MODULE already defined Q:\www\soa\ThinkPHP\Library\Think\Dispatcher.class.php 第 75 行.

[ 2015-06-29T21:38:39+08:00 ] 127.0.0.1 /addressbook/member
INFO: [ app_init ] --START--
INFO: Run Behavior\BuildLiteBehavior [ RunTime:0.000000s ]
INFO: [ app_init ] --END-- [ RunTime:0.001000s ]
NOTIC: [8] Constant BIND_MODULE already defined Q:\www\soa\ThinkPHP\Library\Think\Dispatcher.class.php 第 75 行.
INFO: [ app_begin ] --START--
INFO: Run Behavior\ReadHtmlCacheBehavior [ RunTime:0.000000s ]
INFO: [ app_begin ] --END-- [ RunTime:0.000000s ]
NOTIC: [8] unserialize(): Error at offset 0 of 121 bytes Q:\www\soa\ThinkPHP\Library\Think\Cache\Driver\File.class.php 第 104 行.
NOTIC: [8] Undefined index: access_token Q:\www\soa\Application\Admin\Lib\Api\WeChatApi.class.php 第 89 行.
SQL: SHOW COLUMNS FROM `soa_dept` [ RunTime:0.0330s ]
SQL: SHOW COLUMNS FROM `soa_position` [ RunTime:0.0150s ]
SQL: SHOW COLUMNS FROM `soa_rank` [ RunTime:0.0120s ]
SQL: SHOW COLUMNS FROM `soa_member` [ RunTime:0.0320s ]
SQL: SELECT COUNT(*) AS tp_count FROM `soa_member` LIMIT 1   [ RunTime:0.0000s ]
SQL: SELECT * FROM `soa_member` LIMIT 10   [ RunTime:0.0010s ]
SQL: SELECT * FROM `soa_position`  [ RunTime:0.0000s ]
SQL: SELECT * FROM `soa_dept`  [ RunTime:0.0000s ]
INFO: [ view_parse ] --START--
INFO: [ template_filter ] --START--
INFO: Run Behavior\ContentReplaceBehavior [ RunTime:0.001000s ]
INFO: [ template_filter ] --END-- [ RunTime:0.001000s ]
NOTIC: [8] Undefined property: stdClass::$data Q:\www\soa\Application\Runtime\Cache\Admin\bae55c221672ea96526a5cf566838f08.php 第 171 行.
NOTIC: [8] Trying to get property of non-object Q:\www\soa\Application\Runtime\Cache\Admin\bae55c221672ea96526a5cf566838f08.php 第 171 行.
NOTIC: [2048] Only variables should be passed by reference Q:\www\soa\Application\Runtime\Cache\Admin\bae55c221672ea96526a5cf566838f08.php 第 749 行.
INFO: Run Behavior\ParseTemplateBehavior [ RunTime:0.147008s ]
INFO: [ view_parse ] --END-- [ RunTime:0.148008s ]
INFO: [ view_filter ] --START--
INFO: Run Behavior\WriteHtmlCacheBehavior [ RunTime:0.012001s ]
INFO: [ view_filter ] --END-- [ RunTime:0.012001s ]
INFO: [ app_end ] --START--
INFO: Run Behavior\ShowPageTraceBehavior [ RunTime:0.009000s ]
INFO: [ app_end ] --END-- [ RunTime:0.009000s ]

[ 2015-06-29T21:38:48+08:00 ] 127.0.0.1 /addressbook/position
INFO: [ app_init ] --START--
INFO: Run Behavior\BuildLiteBehavior [ RunTime:0.000000s ]
INFO: [ app_init ] --END-- [ RunTime:0.000000s ]
NOTIC: [8] Constant BIND_MODULE already defined Q:\www\soa\ThinkPHP\Library\Think\Dispatcher.class.php 第 75 行.
INFO: [ app_begin ] --START--
INFO: Run Behavior\ReadHtmlCacheBehavior [ RunTime:0.001000s ]
INFO: [ app_begin ] --END-- [ RunTime:0.001000s ]
NOTIC: [8] Undefined index: access_token Q:\www\soa\Application\Admin\Lib\Api\WeChatApi.class.php 第 89 行.
SQL: SHOW COLUMNS FROM `soa_dept` [ RunTime:0.0050s ]
SQL: SHOW COLUMNS FROM `soa_position` [ RunTime:0.0050s ]
SQL: SHOW COLUMNS FROM `soa_rank` [ RunTime:0.0040s ]
SQL: SHOW COLUMNS FROM `soa_member` [ RunTime:0.0050s ]
SQL: SELECT * FROM `soa_position`  [ RunTime:0.0000s ]
INFO: [ view_parse ] --START--
INFO: [ template_filter ] --START--
INFO: Run Behavior\ContentReplaceBehavior [ RunTime:0.001000s ]
INFO: [ template_filter ] --END-- [ RunTime:0.001000s ]
NOTIC: [8] Undefined property: stdClass::$data Q:\www\soa\Application\Runtime\Cache\Admin\861a1cf3ef34c972ee332b24b17c202d.php 第 171 行.
NOTIC: [8] Trying to get property of non-object Q:\www\soa\Application\Runtime\Cache\Admin\861a1cf3ef34c972ee332b24b17c202d.php 第 171 行.
NOTIC: [2048] Only variables should be passed by reference Q:\www\soa\Application\Runtime\Cache\Admin\861a1cf3ef34c972ee332b24b17c202d.php 第 646 行.
INFO: Run Behavior\ParseTemplateBehavior [ RunTime:0.042002s ]
INFO: [ view_parse ] --END-- [ RunTime:0.042002s ]
INFO: [ view_filter ] --START--
INFO: Run Behavior\WriteHtmlCacheBehavior [ RunTime:0.001000s ]
INFO: [ view_filter ] --END-- [ RunTime:0.001000s ]
INFO: [ app_end ] --START--
INFO: Run Behavior\ShowPageTraceBehavior [ RunTime:0.001000s ]
INFO: [ app_end ] --END-- [ RunTime:0.001000s ]

[ 2015-06-29T21:38:49+08:00 ] 127.0.0.1 /addressbook/rank
INFO: [ app_init ] --START--
INFO: Run Behavior\BuildLiteBehavior [ RunTime:0.000000s ]
INFO: [ app_init ] --END-- [ RunTime:0.001000s ]
NOTIC: [8] Constant BIND_MODULE already defined Q:\www\soa\ThinkPHP\Library\Think\Dispatcher.class.php 第 75 行.
INFO: [ app_begin ] --START--
INFO: Run Behavior\ReadHtmlCacheBehavior [ RunTime:0.001000s ]
INFO: [ app_begin ] --END-- [ RunTime:0.001000s ]
NOTIC: [8] Undefined index: access_token Q:\www\soa\Application\Admin\Lib\Api\WeChatApi.class.php 第 89 行.
SQL: SHOW COLUMNS FROM `soa_dept` [ RunTime:0.0110s ]
SQL: SHOW COLUMNS FROM `soa_position` [ RunTime:0.0100s ]
SQL: SHOW COLUMNS FROM `soa_rank` [ RunTime:0.0090s ]
SQL: SHOW COLUMNS FROM `soa_member` [ RunTime:0.0060s ]
SQL: SELECT * FROM `soa_rank`  [ RunTime:0.0010s ]
INFO: [ view_parse ] --START--
INFO: [ template_filter ] --START--
INFO: Run Behavior\ContentReplaceBehavior [ RunTime:0.000000s ]
INFO: [ template_filter ] --END-- [ RunTime:0.000000s ]
NOTIC: [8] Undefined property: stdClass::$data Q:\www\soa\Application\Runtime\Cache\Admin\248866b1fcd4cb3d5591b244be33c101.php 第 171 行.
NOTIC: [8] Trying to get property of non-object Q:\www\soa\Application\Runtime\Cache\Admin\248866b1fcd4cb3d5591b244be33c101.php 第 171 行.
NOTIC: [2048] Only variables should be passed by reference Q:\www\soa\Application\Runtime\Cache\Admin\248866b1fcd4cb3d5591b244be33c101.php 第 636 行.
INFO: Run Behavior\ParseTemplateBehavior [ RunTime:0.040002s ]
INFO: [ view_parse ] --END-- [ RunTime:0.040002s ]
INFO: [ view_filter ] --START--
INFO: Run Behavior\WriteHtmlCacheBehavior [ RunTime:0.000000s ]
INFO: [ view_filter ] --END-- [ RunTime:0.000000s ]
INFO: [ app_end ] --START--
INFO: Run Behavior\ShowPageTraceBehavior [ RunTime:0.000000s ]
INFO: [ app_end ] --END-- [ RunTime:0.001000s ]

[ 2015-06-29T21:38:50+08:00 ] 127.0.0.1 /addressbook/rank
INFO: [ app_init ] --START--
INFO: Run Behavior\BuildLiteBehavior [ RunTime:0.000000s ]
INFO: [ app_init ] --END-- [ RunTime:0.000000s ]
NOTIC: [8] Constant BIND_MODULE already defined Q:\www\soa\ThinkPHP\Library\Think\Dispatcher.class.php 第 75 行.
INFO: [ app_begin ] --START--
INFO: Run Behavior\ReadHtmlCacheBehavior [ RunTime:0.000000s ]
INFO: [ app_begin ] --END-- [ RunTime:0.000000s ]
NOTIC: [8] Undefined index: access_token Q:\www\soa\Application\Admin\Lib\Api\WeChatApi.class.php 第 89 行.
SQL: SHOW COLUMNS FROM `soa_dept` [ RunTime:0.0040s ]
SQL: SHOW COLUMNS FROM `soa_position` [ RunTime:0.0030s ]
SQL: SHOW COLUMNS FROM `soa_rank` [ RunTime:0.0030s ]
SQL: SHOW COLUMNS FROM `soa_member` [ RunTime:0.0050s ]
SQL: SELECT * FROM `soa_rank`  [ RunTime:0.0000s ]
INFO: [ view_parse ] --START--
INFO: [ template_filter ] --START--
INFO: Run Behavior\ContentReplaceBehavior [ RunTime:0.000000s ]
INFO: [ template_filter ] --END-- [ RunTime:0.001000s ]
NOTIC: [8] Undefined property: stdClass::$data Q:\www\soa\Application\Runtime\Cache\Admin\248866b1fcd4cb3d5591b244be33c101.php 第 171 行.
NOTIC: [8] Trying to get property of non-object Q:\www\soa\Application\Runtime\Cache\Admin\248866b1fcd4cb3d5591b244be33c101.php 第 171 行.
NOTIC: [2048] Only variables should be passed by reference Q:\www\soa\Application\Runtime\Cache\Admin\248866b1fcd4cb3d5591b244be33c101.php 第 636 行.
INFO: Run Behavior\ParseTemplateBehavior [ RunTime:0.020001s ]
INFO: [ view_parse ] --END-- [ RunTime:0.020001s ]
INFO: [ view_filter ] --START--
INFO: Run Behavior\WriteHtmlCacheBehavior [ RunTime:0.001000s ]
INFO: [ view_filter ] --END-- [ RunTime:0.001000s ]
INFO: [ app_end ] --START--
INFO: Run Behavior\ShowPageTraceBehavior [ RunTime:0.001000s ]
INFO: [ app_end ] --END-- [ RunTime:0.001000s ]

[ 2015-06-29T21:38:52+08:00 ] 127.0.0.1 /addressbook/member
INFO: [ app_init ] --START--
INFO: Run Behavior\BuildLiteBehavior [ RunTime:0.000000s ]
INFO: [ app_init ] --END-- [ RunTime:0.000000s ]
NOTIC: [8] Constant BIND_MODULE already defined Q:\www\soa\ThinkPHP\Library\Think\Dispatcher.class.php 第 75 行.
INFO: [ app_begin ] --START--
INFO: Run Behavior\ReadHtmlCacheBehavior [ RunTime:0.000000s ]
INFO: [ app_begin ] --END-- [ RunTime:0.001000s ]
NOTIC: [8] Undefined index: access_token Q:\www\soa\Application\Admin\Lib\Api\WeChatApi.class.php 第 89 行.
SQL: SHOW COLUMNS FROM `soa_dept` [ RunTime:0.0080s ]
SQL: SHOW COLUMNS FROM `soa_position` [ RunTime:0.0070s ]
SQL: SHOW COLUMNS FROM `soa_rank` [ RunTime:0.0080s ]
SQL: SHOW COLUMNS FROM `soa_member` [ RunTime:0.0090s ]
SQL: SELECT COUNT(*) AS tp_count FROM `soa_member` LIMIT 1   [ RunTime:0.0000s ]
SQL: SELECT * FROM `soa_member` LIMIT 10   [ RunTime:0.0010s ]
SQL: SELECT * FROM `soa_position`  [ RunTime:0.0010s ]
SQL: SELECT * FROM `soa_dept`  [ RunTime:0.0000s ]
INFO: [ view_parse ] --START--
INFO: [ template_filter ] --START--
INFO: Run Behavior\ContentReplaceBehavior [ RunTime:0.001000s ]
INFO: [ template_filter ] --END-- [ RunTime:0.001000s ]
NOTIC: [8] Undefined property: stdClass::$data Q:\www\soa\Application\Runtime\Cache\Admin\bae55c221672ea96526a5cf566838f08.php 第 171 行.
NOTIC: [8] Trying to get property of non-object Q:\www\soa\Application\Runtime\Cache\Admin\bae55c221672ea96526a5cf566838f08.php 第 171 行.
NOTIC: [2048] Only variables should be passed by reference Q:\www\soa\Application\Runtime\Cache\Admin\bae55c221672ea96526a5cf566838f08.php 第 749 行.
INFO: Run Behavior\ParseTemplateBehavior [ RunTime:0.038002s ]
INFO: [ view_parse ] --END-- [ RunTime:0.038002s ]
INFO: [ view_filter ] --START--
INFO: Run Behavior\WriteHtmlCacheBehavior [ RunTime:0.000000s ]
INFO: [ view_filter ] --END-- [ RunTime:0.000000s ]
INFO: [ app_end ] --START--
INFO: Run Behavior\ShowPageTraceBehavior [ RunTime:0.001000s ]
INFO: [ app_end ] --END-- [ RunTime:0.001000s ]

[ 2015-06-29T21:38:56+08:00 ] 127.0.0.1 /addressbook/organ
INFO: [ app_init ] --START--
INFO: Run Behavior\BuildLiteBehavior [ RunTime:0.001000s ]
INFO: [ app_init ] --END-- [ RunTime:0.001000s ]
NOTIC: [8] Constant BIND_MODULE already defined Q:\www\soa\ThinkPHP\Library\Think\Dispatcher.class.php 第 75 行.
INFO: [ app_begin ] --START--
INFO: Run Behavior\ReadHtmlCacheBehavior [ RunTime:0.000000s ]
INFO: [ app_begin ] --END-- [ RunTime:0.001000s ]
NOTIC: [8] Undefined index: access_token Q:\www\soa\Application\Admin\Lib\Api\WeChatApi.class.php 第 89 行.
SQL: SHOW COLUMNS FROM `soa_dept` [ RunTime:0.0080s ]
SQL: SHOW COLUMNS FROM `soa_position` [ RunTime:0.0070s ]
SQL: SHOW COLUMNS FROM `soa_rank` [ RunTime:0.0060s ]
SQL: SHOW COLUMNS FROM `soa_member` [ RunTime:0.0070s ]
SQL: SELECT * FROM `soa_rank`  [ RunTime:0.0010s ]
SQL: SELECT * FROM `soa_dept`  [ RunTime:0.0010s ]
INFO: [ view_parse ] --START--
INFO: [ template_filter ] --START--
INFO: Run Behavior\ContentReplaceBehavior [ RunTime:0.001000s ]
INFO: [ template_filter ] --END-- [ RunTime:0.001000s ]
NOTIC: [8] Undefined property: stdClass::$data Q:\www\soa\Application\Runtime\Cache\Admin\d276952b4a9385a7d97aa8d211b1a82a.php 第 171 行.
NOTIC: [8] Trying to get property of non-object Q:\www\soa\Application\Runtime\Cache\Admin\d276952b4a9385a7d97aa8d211b1a82a.php 第 171 行.
NOTIC: [2048] Only variables should be passed by reference Q:\www\soa\Application\Runtime\Cache\Admin\d276952b4a9385a7d97aa8d211b1a82a.php 第 656 行.
INFO: Run Behavior\ParseTemplateBehavior [ RunTime:0.062003s ]
INFO: [ view_parse ] --END-- [ RunTime:0.062003s ]
INFO: [ view_filter ] --START--
INFO: Run Behavior\WriteHtmlCacheBehavior [ RunTime:0.001000s ]
INFO: [ view_filter ] --END-- [ RunTime:0.001000s ]
INFO: [ app_end ] --START--
INFO: Run Behavior\ShowPageTraceBehavior [ RunTime:0.000000s ]
INFO: [ app_end ] --END-- [ RunTime:0.001000s ]

[ 2015-06-29T21:40:28+08:00 ] 127.0.0.1 /addressbook/get_dept
INFO: [ app_init ] --START--
INFO: Run Behavior\BuildLiteBehavior [ RunTime:0.000000s ]
INFO: [ app_init ] --END-- [ RunTime:0.000000s ]
NOTIC: [8] Constant BIND_MODULE already defined Q:\www\soa\ThinkPHP\Library\Think\Dispatcher.class.php 第 75 行.
INFO: [ app_begin ] --START--
INFO: Run Behavior\ReadHtmlCacheBehavior [ RunTime:0.001000s ]
INFO: [ app_begin ] --END-- [ RunTime:0.001000s ]
NOTIC: [8] Undefined index: access_token Q:\www\soa\Application\Admin\Lib\Api\WeChatApi.class.php 第 89 行.
SQL: SHOW COLUMNS FROM `soa_dept` [ RunTime:0.0030s ]
SQL: SHOW COLUMNS FROM `soa_position` [ RunTime:0.0030s ]
SQL: SHOW COLUMNS FROM `soa_rank` [ RunTime:0.0020s ]
SQL: SHOW COLUMNS FROM `soa_member` [ RunTime:0.0040s ]
SQL: SELECT * FROM `soa_dept` WHERE `id` = 1 LIMIT 1   [ RunTime:0.0000s ]
INFO: [ app_end ] --START--
INFO: Run Behavior\ShowPageTraceBehavior [ RunTime:0.001000s ]
INFO: [ app_end ] --END-- [ RunTime:0.001000s ]

[ 2015-06-29T21:40:30+08:00 ] 127.0.0.1 /addressbook/get_dept
INFO: [ app_init ] --START--
INFO: Run Behavior\BuildLiteBehavior [ RunTime:0.000000s ]
INFO: [ app_init ] --END-- [ RunTime:0.000000s ]
NOTIC: [8] Constant BIND_MODULE already defined Q:\www\soa\ThinkPHP\Library\Think\Dispatcher.class.php 第 75 行.
INFO: [ app_begin ] --START--
INFO: Run Behavior\ReadHtmlCacheBehavior [ RunTime:0.001001s ]
INFO: [ app_begin ] --END-- [ RunTime:0.001001s ]
NOTIC: [8] Undefined index: access_token Q:\www\soa\Application\Admin\Lib\Api\WeChatApi.class.php 第 89 行.
SQL: SHOW COLUMNS FROM `soa_dept` [ RunTime:0.0040s ]
SQL: SHOW COLUMNS FROM `soa_position` [ RunTime:0.0030s ]
SQL: SHOW COLUMNS FROM `soa_rank` [ RunTime:0.0040s ]
SQL: SHOW COLUMNS FROM `soa_member` [ RunTime:0.0050s ]
SQL: SELECT * FROM `soa_dept` WHERE `id` = 2 LIMIT 1   [ RunTime:0.0010s ]
INFO: [ app_end ] --START--
INFO: Run Behavior\ShowPageTraceBehavior [ RunTime:0.000000s ]
INFO: [ app_end ] --END-- [ RunTime:0.001000s ]

[ 2015-06-29T21:40:31+08:00 ] 127.0.0.1 /addressbook/get_dept
INFO: [ app_init ] --START--
INFO: Run Behavior\BuildLiteBehavior [ RunTime:0.000000s ]
INFO: [ app_init ] --END-- [ RunTime:0.000000s ]
NOTIC: [8] Constant BIND_MODULE already defined Q:\www\soa\ThinkPHP\Library\Think\Dispatcher.class.php 第 75 行.
INFO: [ app_begin ] --START--
INFO: Run Behavior\ReadHtmlCacheBehavior [ RunTime:0.001000s ]
INFO: [ app_begin ] --END-- [ RunTime:0.001000s ]
NOTIC: [8] Undefined index: access_token Q:\www\soa\Application\Admin\Lib\Api\WeChatApi.class.php 第 89 行.
SQL: SHOW COLUMNS FROM `soa_dept` [ RunTime:0.0040s ]
SQL: SHOW COLUMNS FROM `soa_position` [ RunTime:0.0040s ]
SQL: SHOW COLUMNS FROM `soa_rank` [ RunTime:0.0040s ]
SQL: SHOW COLUMNS FROM `soa_member` [ RunTime:0.0030s ]
SQL: SELECT * FROM `soa_dept` WHERE `id` = 1 LIMIT 1   [ RunTime:0.0000s ]
INFO: [ app_end ] --START--
INFO: Run Behavior\ShowPageTraceBehavior [ RunTime:0.000000s ]
INFO: [ app_end ] --END-- [ RunTime:0.001000s ]

[ 2015-06-29T21:40:32+08:00 ] 127.0.0.1 /addressbook/get_dept
INFO: [ app_init ] --START--
INFO: Run Behavior\BuildLiteBehavior [ RunTime:0.000000s ]
INFO: [ app_init ] --END-- [ RunTime:0.001000s ]
NOTIC: [8] Constant BIND_MODULE already defined Q:\www\soa\ThinkPHP\Library\Think\Dispatcher.class.php 第 75 行.
INFO: [ app_begin ] --START--
INFO: Run Behavior\ReadHtmlCacheBehavior [ RunTime:0.000000s ]
INFO: [ app_begin ] --END-- [ RunTime:0.000000s ]
NOTIC: [8] Undefined index: access_token Q:\www\soa\Application\Admin\Lib\Api\WeChatApi.class.php 第 89 行.
SQL: SHOW COLUMNS FROM `soa_dept` [ RunTime:0.0040s ]
SQL: SHOW COLUMNS FROM `soa_position` [ RunTime:0.0020s ]
SQL: SHOW COLUMNS FROM `soa_rank` [ RunTime:0.0030s ]
SQL: SHOW COLUMNS FROM `soa_member` [ RunTime:0.0030s ]
SQL: SELECT * FROM `soa_dept` WHERE `id` = 2 LIMIT 1   [ RunTime:0.0000s ]
INFO: [ app_end ] --START--
INFO: Run Behavior\ShowPageTraceBehavior [ RunTime:0.001000s ]
INFO: [ app_end ] --END-- [ RunTime:0.001000s ]

[ 2015-06-29T21:40:33+08:00 ] 127.0.0.1 /addressbook/get_dept
INFO: [ app_init ] --START--
INFO: Run Behavior\BuildLiteBehavior [ RunTime:0.000000s ]
INFO: [ app_init ] --END-- [ RunTime:0.000000s ]
NOTIC: [8] Constant BIND_MODULE already defined Q:\www\soa\ThinkPHP\Library\Think\Dispatcher.class.php 第 75 行.
INFO: [ app_begin ] --START--
INFO: Run Behavior\ReadHtmlCacheBehavior [ RunTime:0.001000s ]
INFO: [ app_begin ] --END-- [ RunTime:0.001000s ]
NOTIC: [8] Undefined index: access_token Q:\www\soa\Application\Admin\Lib\Api\WeChatApi.class.php 第 89 行.
SQL: SHOW COLUMNS FROM `soa_dept` [ RunTime:0.0040s ]
SQL: SHOW COLUMNS FROM `soa_position` [ RunTime:0.0030s ]
SQL: SHOW COLUMNS FROM `soa_rank` [ RunTime:0.0030s ]
SQL: SHOW COLUMNS FROM `soa_member` [ RunTime:0.0030s ]
SQL: SELECT * FROM `soa_dept` WHERE `id` = 1 LIMIT 1   [ RunTime:0.0000s ]
INFO: [ app_end ] --START--
INFO: Run Behavior\ShowPageTraceBehavior [ RunTime:0.001000s ]
INFO: [ app_end ] --END-- [ RunTime:0.001000s ]

[ 2015-06-29T21:40:35+08:00 ] 127.0.0.1 /addressbook/get_dept
INFO: [ app_init ] --START--
INFO: Run Behavior\BuildLiteBehavior [ RunTime:0.000000s ]
INFO: [ app_init ] --END-- [ RunTime:0.000000s ]
NOTIC: [8] Constant BIND_MODULE already defined Q:\www\soa\ThinkPHP\Library\Think\Dispatcher.class.php 第 75 行.
INFO: [ app_begin ] --START--
INFO: Run Behavior\ReadHtmlCacheBehavior [ RunTime:0.000000s ]
INFO: [ app_begin ] --END-- [ RunTime:0.000000s ]
NOTIC: [8] Undefined index: access_token Q:\www\soa\Application\Admin\Lib\Api\WeChatApi.class.php 第 89 行.
SQL: SHOW COLUMNS FROM `soa_dept` [ RunTime:0.0030s ]
SQL: SHOW COLUMNS FROM `soa_position` [ RunTime:0.0030s ]
SQL: SHOW COLUMNS FROM `soa_rank` [ RunTime:0.0030s ]
SQL: SHOW COLUMNS FROM `soa_member` [ RunTime:0.0030s ]
SQL: SELECT * FROM `soa_dept` WHERE `id` = 2 LIMIT 1   [ RunTime:0.0000s ]
INFO: [ app_end ] --START--
INFO: Run Behavior\ShowPageTraceBehavior [ RunTime:0.000000s ]
INFO: [ app_end ] --END-- [ RunTime:0.001000s ]

[ 2015-06-29T21:40:36+08:00 ] 127.0.0.1 /addressbook/get_dept
INFO: [ app_init ] --START--
INFO: Run Behavior\BuildLiteBehavior [ RunTime:0.000000s ]
INFO: [ app_init ] --END-- [ RunTime:0.001000s ]
NOTIC: [8] Constant BIND_MODULE already defined Q:\www\soa\ThinkPHP\Library\Think\Dispatcher.class.php 第 75 行.
INFO: [ app_begin ] --START--
INFO: Run Behavior\ReadHtmlCacheBehavior [ RunTime:0.001000s ]
INFO: [ app_begin ] --END-- [ RunTime:0.001000s ]
NOTIC: [8] Undefined index: access_token Q:\www\soa\Application\Admin\Lib\Api\WeChatApi.class.php 第 89 行.
SQL: SHOW COLUMNS FROM `soa_dept` [ RunTime:0.0040s ]
SQL: SHOW COLUMNS FROM `soa_position` [ RunTime:0.0030s ]
SQL: SHOW COLUMNS FROM `soa_rank` [ RunTime:0.0030s ]
SQL: SHOW COLUMNS FROM `soa_member` [ RunTime:0.0050s ]
SQL: SELECT * FROM `soa_dept` WHERE `id` = 1 LIMIT 1   [ RunTime:0.0000s ]
INFO: [ app_end ] --START--
INFO: Run Behavior\ShowPageTraceBehavior [ RunTime:0.000000s ]
INFO: [ app_end ] --END-- [ RunTime:0.000000s ]

[ 2015-06-29T21:40:37+08:00 ] 127.0.0.1 /addressbook/get_dept
INFO: [ app_init ] --START--
INFO: Run Behavior\BuildLiteBehavior [ RunTime:0.000000s ]
INFO: [ app_init ] --END-- [ RunTime:0.000000s ]
NOTIC: [8] Constant BIND_MODULE already defined Q:\www\soa\ThinkPHP\Library\Think\Dispatcher.class.php 第 75 行.
INFO: [ app_begin ] --START--
INFO: Run Behavior\ReadHtmlCacheBehavior [ RunTime:0.000000s ]
INFO: [ app_begin ] --END-- [ RunTime:0.001000s ]
NOTIC: [8] Undefined index: access_token Q:\www\soa\Application\Admin\Lib\Api\WeChatApi.class.php 第 89 行.
SQL: SHOW COLUMNS FROM `soa_dept` [ RunTime:0.0030s ]
SQL: SHOW COLUMNS FROM `soa_position` [ RunTime:0.0040s ]
SQL: SHOW COLUMNS FROM `soa_rank` [ RunTime:0.0040s ]
SQL: SHOW COLUMNS FROM `soa_member` [ RunTime:0.0030s ]
SQL: SELECT * FROM `soa_dept` WHERE `id` = 2 LIMIT 1   [ RunTime:0.0010s ]
INFO: [ app_end ] --START--
INFO: Run Behavior\ShowPageTraceBehavior [ RunTime:0.001000s ]
INFO: [ app_end ] --END-- [ RunTime:0.001000s ]

[ 2015-06-29T21:40:38+08:00 ] 127.0.0.1 /addressbook/get_dept
INFO: [ app_init ] --START--
INFO: Run Behavior\BuildLiteBehavior [ RunTime:0.000000s ]
INFO: [ app_init ] --END-- [ RunTime:0.000000s ]
NOTIC: [8] Constant BIND_MODULE already defined Q:\www\soa\ThinkPHP\Library\Think\Dispatcher.class.php 第 75 行.
INFO: [ app_begin ] --START--
INFO: Run Behavior\ReadHtmlCacheBehavior [ RunTime:0.000000s ]
INFO: [ app_begin ] --END-- [ RunTime:0.000000s ]
NOTIC: [8] Undefined index: access_token Q:\www\soa\Application\Admin\Lib\Api\WeChatApi.class.php 第 89 行.
SQL: SHOW COLUMNS FROM `soa_dept` [ RunTime:0.0040s ]
SQL: SHOW COLUMNS FROM `soa_position` [ RunTime:0.0030s ]
SQL: SHOW COLUMNS FROM `soa_rank` [ RunTime:0.0020s ]
SQL: SHOW COLUMNS FROM `soa_member` [ RunTime:0.0040s ]
SQL: SELECT * FROM `soa_dept` WHERE `id` = 1 LIMIT 1   [ RunTime:0.0000s ]
INFO: [ app_end ] --START--
INFO: Run Behavior\ShowPageTraceBehavior [ RunTime:0.000000s ]
INFO: [ app_end ] --END-- [ RunTime:0.001000s ]

[ 2015-06-29T21:46:59+08:00 ] 127.0.0.1 /addressbook/get_dept
INFO: [ app_init ] --START--
INFO: Run Behavior\BuildLiteBehavior [ RunTime:0.000000s ]
INFO: [ app_init ] --END-- [ RunTime:0.000000s ]
NOTIC: [8] Constant BIND_MODULE already defined Q:\www\soa\ThinkPHP\Library\Think\Dispatcher.class.php 第 75 行.
INFO: [ app_begin ] --START--
INFO: Run Behavior\ReadHtmlCacheBehavior [ RunTime:0.000000s ]
INFO: [ app_begin ] --END-- [ RunTime:0.000000s ]
NOTIC: [8] Undefined index: access_token Q:\www\soa\Application\Admin\Lib\Api\WeChatApi.class.php 第 89 行.
SQL: SHOW COLUMNS FROM `soa_dept` [ RunTime:0.0040s ]
SQL: SHOW COLUMNS FROM `soa_position` [ RunTime:0.0030s ]
SQL: SHOW COLUMNS FROM `soa_rank` [ RunTime:0.0030s ]
SQL: SHOW COLUMNS FROM `soa_member` [ RunTime:0.0040s ]
SQL: SELECT * FROM `soa_dept` WHERE `id` = 2 LIMIT 1   [ RunTime:0.0010s ]
INFO: [ app_end ] --START--
INFO: Run Behavior\ShowPageTraceBehavior [ RunTime:0.001000s ]
INFO: [ app_end ] --END-- [ RunTime:0.001000s ]

[ 2015-06-29T21:47:03+08:00 ] 127.0.0.1 /app
INFO: [ app_init ] --START--
INFO: Run Behavior\BuildLiteBehavior [ RunTime:0.000000s ]
INFO: [ app_init ] --END-- [ RunTime:0.001000s ]
NOTIC: [8] Constant BIND_MODULE already defined Q:\www\soa\ThinkPHP\Library\Think\Dispatcher.class.php 第 75 行.
INFO: [ app_begin ] --START--
INFO: Run Behavior\ReadHtmlCacheBehavior [ RunTime:0.000000s ]
INFO: [ app_begin ] --END-- [ RunTime:0.001000s ]
NOTIC: [8] Undefined index: access_token Q:\www\soa\Application\Admin\Lib\Api\WeChatApi.class.php 第 89 行.
NOTIC: [8] Use of undefined constant post - assumed 'post' Q:\www\soa\Application\Admin\Lib\Api\WeChatApi.class.php 第 381 行.
SQL: SHOW COLUMNS FROM `soa_api_log` [ RunTime:0.0270s ]
NOTIC: [8] Undefined offset: 0 Q:\www\soa\ThinkPHP\Library\Think\Db\Driver.class.php 第 792 行.
SQL: INSERT INTO `soa_api_log` (`errcode`,`errmsg`,`api_url`,`function`,`post_time`) VALUES ('41001','access_token missing','https://qyapi.weixin.qq.com/cgi-bin/agent/list','get_app_list','1435585623') [ RunTime:0.0210s ]
INFO: [ view_parse ] --START--
INFO: [ template_filter ] --START--
INFO: Run Behavior\ContentReplaceBehavior [ RunTime:0.001000s ]
INFO: [ template_filter ] --END-- [ RunTime:0.001000s ]
NOTIC: [8] Undefined property: stdClass::$data Q:\www\soa\Application\Runtime\Cache\Admin\7e3487ec542d20672549d2780c947652.php 第 171 行.
NOTIC: [8] Trying to get property of non-object Q:\www\soa\Application\Runtime\Cache\Admin\7e3487ec542d20672549d2780c947652.php 第 171 行.
NOTIC: [2] Illegal string offset 'agentid' Q:\www\soa\Application\Runtime\Cache\Admin\7e3487ec542d20672549d2780c947652.php 第 554 行.
NOTIC: [2] Illegal string offset 'round_logo_url' Q:\www\soa\Application\Runtime\Cache\Admin\7e3487ec542d20672549d2780c947652.php 第 556 行.
NOTIC: [2] Illegal string offset 'name' Q:\www\soa\Application\Runtime\Cache\Admin\7e3487ec542d20672549d2780c947652.php 第 557 行.
NOTIC: [2] Illegal string offset 'status' Q:\www\soa\Application\Runtime\Cache\Admin\7e3487ec542d20672549d2780c947652.php 第 560 行.
NOTIC: [8] Undefined variable: rank Q:\www\soa\Application\Runtime\Cache\Admin\7e3487ec542d20672549d2780c947652.php 第 611 行.
NOTIC: [2048] Only variables should be passed by reference Q:\www\soa\Application\Runtime\Cache\Admin\7e3487ec542d20672549d2780c947652.php 第 671 行.
INFO: Run Behavior\ParseTemplateBehavior [ RunTime:0.055004s ]
INFO: [ view_parse ] --END-- [ RunTime:0.055004s ]
INFO: [ view_filter ] --START--
INFO: Run Behavior\WriteHtmlCacheBehavior [ RunTime:0.000000s ]
INFO: [ view_filter ] --END-- [ RunTime:0.002000s ]
INFO: [ app_end ] --START--
INFO: Run Behavior\ShowPageTraceBehavior [ RunTime:0.001000s ]
INFO: [ app_end ] --END-- [ RunTime:0.001000s ]

[ 2015-06-29T21:47:03+08:00 ] 127.0.0.1 /a
INFO: [ app_init ] --START--
INFO: Run Behavior\BuildLiteBehavior [ RunTime:0.000000s ]
INFO: [ app_init ] --END-- [ RunTime:0.000000s ]
NOTIC: [8] Constant BIND_MODULE already defined Q:\www\soa\ThinkPHP\Library\Think\Dispatcher.class.php 第 75 行.
INFO: [ app_begin ] --START--
INFO: Run Behavior\ReadHtmlCacheBehavior [ RunTime:0.000000s ]
INFO: [ app_begin ] --END-- [ RunTime:0.000000s ]
ERR: 无法加载控制器:A

[ 2015-06-29T21:47:07+08:00 ] 127.0.0.1 /addressbook/position
INFO: [ app_init ] --START--
INFO: Run Behavior\BuildLiteBehavior [ RunTime:0.000000s ]
INFO: [ app_init ] --END-- [ RunTime:0.001000s ]
NOTIC: [8] Constant BIND_MODULE already defined Q:\www\soa\ThinkPHP\Library\Think\Dispatcher.class.php 第 75 行.
INFO: [ app_begin ] --START--
INFO: Run Behavior\ReadHtmlCacheBehavior [ RunTime:0.001001s ]
INFO: [ app_begin ] --END-- [ RunTime:0.001001s ]
NOTIC: [8] Undefined index: access_token Q:\www\soa\Application\Admin\Lib\Api\WeChatApi.class.php 第 89 行.
SQL: SHOW COLUMNS FROM `soa_dept` [ RunTime:0.0040s ]
SQL: SHOW COLUMNS FROM `soa_position` [ RunTime:0.0050s ]
SQL: SHOW COLUMNS FROM `soa_rank` [ RunTime:0.0050s ]
SQL: SHOW COLUMNS FROM `soa_member` [ RunTime:0.0050s ]
SQL: SELECT * FROM `soa_position`  [ RunTime:0.0010s ]
INFO: [ view_parse ] --START--
INFO: [ template_filter ] --START--
INFO: Run Behavior\ContentReplaceBehavior [ RunTime:0.000000s ]
INFO: [ template_filter ] --END-- [ RunTime:0.000000s ]
NOTIC: [8] Undefined property: stdClass::$data Q:\www\soa\Application\Runtime\Cache\Admin\861a1cf3ef34c972ee332b24b17c202d.php 第 171 行.
NOTIC: [8] Trying to get property of non-object Q:\www\soa\Application\Runtime\Cache\Admin\861a1cf3ef34c972ee332b24b17c202d.php 第 171 行.
NOTIC: [2048] Only variables should be passed by reference Q:\www\soa\Application\Runtime\Cache\Admin\861a1cf3ef34c972ee332b24b17c202d.php 第 646 行.
INFO: Run Behavior\ParseTemplateBehavior [ RunTime:0.021001s ]
INFO: [ view_parse ] --END-- [ RunTime:0.021001s ]
INFO: [ view_filter ] --START--
INFO: Run Behavior\WriteHtmlCacheBehavior [ RunTime:0.000000s ]
INFO: [ view_filter ] --END-- [ RunTime:0.000000s ]
INFO: [ app_end ] --START--
INFO: Run Behavior\ShowPageTraceBehavior [ RunTime:0.000000s ]
INFO: [ app_end ] --END-- [ RunTime:0.000000s ]

[ 2015-06-29T21:47:12+08:00 ] 127.0.0.1 /addressbook/organ
INFO: [ app_init ] --START--
INFO: Run Behavior\BuildLiteBehavior [ RunTime:0.000000s ]
INFO: [ app_init ] --END-- [ RunTime:0.000000s ]
NOTIC: [8] Constant BIND_MODULE already defined Q:\www\soa\ThinkPHP\Library\Think\Dispatcher.class.php 第 75 行.
INFO: [ app_begin ] --START--
INFO: Run Behavior\ReadHtmlCacheBehavior [ RunTime:0.001000s ]
INFO: [ app_begin ] --END-- [ RunTime:0.001000s ]
NOTIC: [8] Undefined index: access_token Q:\www\soa\Application\Admin\Lib\Api\WeChatApi.class.php 第 89 行.
SQL: SHOW COLUMNS FROM `soa_dept` [ RunTime:0.0040s ]
SQL: SHOW COLUMNS FROM `soa_position` [ RunTime:0.0050s ]
SQL: SHOW COLUMNS FROM `soa_rank` [ RunTime:0.0050s ]
SQL: SHOW COLUMNS FROM `soa_member` [ RunTime:0.0060s ]
SQL: SELECT * FROM `soa_rank`  [ RunTime:0.0010s ]
SQL: SELECT * FROM `soa_dept`  [ RunTime:0.0010s ]
INFO: [ view_parse ] --START--
INFO: [ template_filter ] --START--
INFO: Run Behavior\ContentReplaceBehavior [ RunTime:0.000000s ]
INFO: [ template_filter ] --END-- [ RunTime:0.000000s ]
NOTIC: [8] Undefined property: stdClass::$data Q:\www\soa\Application\Runtime\Cache\Admin\d276952b4a9385a7d97aa8d211b1a82a.php 第 171 行.
NOTIC: [8] Trying to get property of non-object Q:\www\soa\Application\Runtime\Cache\Admin\d276952b4a9385a7d97aa8d211b1a82a.php 第 171 行.
NOTIC: [2048] Only variables should be passed by reference Q:\www\soa\Application\Runtime\Cache\Admin\d276952b4a9385a7d97aa8d211b1a82a.php 第 656 行.
INFO: Run Behavior\ParseTemplateBehavior [ RunTime:0.027002s ]
INFO: [ view_parse ] --END-- [ RunTime:0.027002s ]
INFO: [ view_filter ] --START--
INFO: Run Behavior\WriteHtmlCacheBehavior [ RunTime:0.001000s ]
INFO: [ view_filter ] --END-- [ RunTime:0.001000s ]
INFO: [ app_end ] --START--
INFO: Run Behavior\ShowPageTraceBehavior [ RunTime:0.001000s ]
INFO: [ app_end ] --END-- [ RunTime:0.001000s ]

[ 2015-06-29T21:47:13+08:00 ] 127.0.0.1 /addressbook/rank
INFO: [ app_init ] --START--
INFO: Run Behavior\BuildLiteBehavior [ RunTime:0.000000s ]
INFO: [ app_init ] --END-- [ RunTime:0.001000s ]
NOTIC: [8] Constant BIND_MODULE already defined Q:\www\soa\ThinkPHP\Library\Think\Dispatcher.class.php 第 75 行.
INFO: [ app_begin ] --START--
INFO: Run Behavior\ReadHtmlCacheBehavior [ RunTime:0.001000s ]
INFO: [ app_begin ] --END-- [ RunTime:0.001000s ]
NOTIC: [8] Undefined index: access_token Q:\www\soa\Application\Admin\Lib\Api\WeChatApi.class.php 第 89 行.
SQL: SHOW COLUMNS FROM `soa_dept` [ RunTime:0.0050s ]
SQL: SHOW COLUMNS FROM `soa_position` [ RunTime:0.0040s ]
SQL: SHOW COLUMNS FROM `soa_rank` [ RunTime:0.0040s ]
SQL: SHOW COLUMNS FROM `soa_member` [ RunTime:0.0040s ]
SQL: SELECT * FROM `soa_rank`  [ RunTime:0.0010s ]
INFO: [ view_parse ] --START--
INFO: [ template_filter ] --START--
INFO: Run Behavior\ContentReplaceBehavior [ RunTime:0.000000s ]
INFO: [ template_filter ] --END-- [ RunTime:0.001000s ]
NOTIC: [8] Undefined property: stdClass::$data Q:\www\soa\Application\Runtime\Cache\Admin\248866b1fcd4cb3d5591b244be33c101.php 第 171 行.
NOTIC: [8] Trying to get property of non-object Q:\www\soa\Application\Runtime\Cache\Admin\248866b1fcd4cb3d5591b244be33c101.php 第 171 行.
NOTIC: [2048] Only variables should be passed by reference Q:\www\soa\Application\Runtime\Cache\Admin\248866b1fcd4cb3d5591b244be33c101.php 第 636 行.
INFO: Run Behavior\ParseTemplateBehavior [ RunTime:0.018001s ]
INFO: [ view_parse ] --END-- [ RunTime:0.018001s ]
INFO: [ view_filter ] --START--
INFO: Run Behavior\WriteHtmlCacheBehavior [ RunTime:0.001000s ]
INFO: [ view_filter ] --END-- [ RunTime:0.001000s ]
INFO: [ app_end ] --START--
INFO: Run Behavior\ShowPageTraceBehavior [ RunTime:0.001000s ]
INFO: [ app_end ] --END-- [ RunTime:0.001000s ]

[ 2015-06-29T21:47:14+08:00 ] 127.0.0.1 /addressbook/member
INFO: [ app_init ] --START--
INFO: Run Behavior\BuildLiteBehavior [ RunTime:0.000000s ]
INFO: [ app_init ] --END-- [ RunTime:0.001000s ]
NOTIC: [8] Constant BIND_MODULE already defined Q:\www\soa\ThinkPHP\Library\Think\Dispatcher.class.php 第 75 行.
INFO: [ app_begin ] --START--
INFO: Run Behavior\ReadHtmlCacheBehavior [ RunTime:0.000000s ]
INFO: [ app_begin ] --END-- [ RunTime:0.000000s ]
NOTIC: [8] Undefined index: access_token Q:\www\soa\Application\Admin\Lib\Api\WeChatApi.class.php 第 89 行.
SQL: SHOW COLUMNS FROM `soa_dept` [ RunTime:0.0030s ]
SQL: SHOW COLUMNS FROM `soa_position` [ RunTime:0.0030s ]
SQL: SHOW COLUMNS FROM `soa_rank` [ RunTime:0.0030s ]
SQL: SHOW COLUMNS FROM `soa_member` [ RunTime:0.0030s ]
SQL: SELECT COUNT(*) AS tp_count FROM `soa_member` LIMIT 1   [ RunTime:0.0010s ]
SQL: SELECT * FROM `soa_member` LIMIT 10   [ RunTime:0.0010s ]
SQL: SELECT * FROM `soa_position`  [ RunTime:0.0000s ]
SQL: SELECT * FROM `soa_dept`  [ RunTime:0.0000s ]
INFO: [ view_parse ] --START--
INFO: [ template_filter ] --START--
INFO: Run Behavior\ContentReplaceBehavior [ RunTime:0.000000s ]
INFO: [ template_filter ] --END-- [ RunTime:0.000000s ]
NOTIC: [8] Undefined property: stdClass::$data Q:\www\soa\Application\Runtime\Cache\Admin\bae55c221672ea96526a5cf566838f08.php 第 171 行.
NOTIC: [8] Trying to get property of non-object Q:\www\soa\Application\Runtime\Cache\Admin\bae55c221672ea96526a5cf566838f08.php 第 171 行.
NOTIC: [2048] Only variables should be passed by reference Q:\www\soa\Application\Runtime\Cache\Admin\bae55c221672ea96526a5cf566838f08.php 第 749 行.
INFO: Run Behavior\ParseTemplateBehavior [ RunTime:0.021001s ]
INFO: [ view_parse ] --END-- [ RunTime:0.021001s ]
INFO: [ view_filter ] --START--
INFO: Run Behavior\WriteHtmlCacheBehavior [ RunTime:0.001000s ]
INFO: [ view_filter ] --END-- [ RunTime:0.001000s ]
INFO: [ app_end ] --START--
INFO: Run Behavior\ShowPageTraceBehavior [ RunTime:0.000000s ]
INFO: [ app_end ] --END-- [ RunTime:0.001000s ]

[ 2015-06-29T21:47:16+08:00 ] 127.0.0.1 /addressbook/member
INFO: [ app_init ] --START--
INFO: Run Behavior\BuildLiteBehavior [ RunTime:0.000000s ]
INFO: [ app_init ] --END-- [ RunTime:0.000000s ]
NOTIC: [8] Constant BIND_MODULE already defined Q:\www\soa\ThinkPHP\Library\Think\Dispatcher.class.php 第 75 行.
INFO: [ app_begin ] --START--
INFO: Run Behavior\ReadHtmlCacheBehavior [ RunTime:0.000000s ]
INFO: [ app_begin ] --END-- [ RunTime:0.001000s ]
NOTIC: [8] Undefined index: access_token Q:\www\soa\Application\Admin\Lib\Api\WeChatApi.class.php 第 89 行.
SQL: SHOW COLUMNS FROM `soa_dept` [ RunTime:0.0100s ]
SQL: SHOW COLUMNS FROM `soa_position` [ RunTime:0.0070s ]
SQL: SHOW COLUMNS FROM `soa_rank` [ RunTime:0.0080s ]
SQL: SHOW COLUMNS FROM `soa_member` [ RunTime:0.0050s ]
SQL: SELECT COUNT(*) AS tp_count FROM `soa_member` LIMIT 1   [ RunTime:0.0010s ]
SQL: SELECT * FROM `soa_member` LIMIT 10   [ RunTime:0.0010s ]
SQL: SELECT * FROM `soa_position`  [ RunTime:0.0010s ]
SQL: SELECT * FROM `soa_dept`  [ RunTime:0.0010s ]
INFO: [ view_parse ] --START--
INFO: [ template_filter ] --START--
INFO: Run Behavior\ContentReplaceBehavior [ RunTime:0.000000s ]
INFO: [ template_filter ] --END-- [ RunTime:0.001001s ]
NOTIC: [8] Undefined property: stdClass::$data Q:\www\soa\Application\Runtime\Cache\Admin\bae55c221672ea96526a5cf566838f08.php 第 171 行.
NOTIC: [8] Trying to get property of non-object Q:\www\soa\Application\Runtime\Cache\Admin\bae55c221672ea96526a5cf566838f08.php 第 171 行.
NOTIC: [2048] Only variables should be passed by reference Q:\www\soa\Application\Runtime\Cache\Admin\bae55c221672ea96526a5cf566838f08.php 第 749 行.
INFO: Run Behavior\ParseTemplateBehavior [ RunTime:0.031002s ]
INFO: [ view_parse ] --END-- [ RunTime:0.031002s ]
INFO: [ view_filter ] --START--
INFO: Run Behavior\WriteHtmlCacheBehavior [ RunTime:0.001000s ]
INFO: [ view_filter ] --END-- [ RunTime:0.001000s ]
INFO: [ app_end ] --START--
INFO: Run Behavior\ShowPageTraceBehavior [ RunTime:0.001000s ]
INFO: [ app_end ] --END-- [ RunTime:0.001000s ]

[ 2015-06-29T21:47:20+08:00 ] 127.0.0.1 /Public/Admin/resource/js/skins.min.js.map
INFO: [ app_init ] --START--
INFO: Run Behavior\BuildLiteBehavior [ RunTime:0.000000s ]
INFO: [ app_init ] --END-- [ RunTime:0.001000s ]
NOTIC: [8] Constant BIND_MODULE already defined Q:\www\soa\ThinkPHP\Library\Think\Dispatcher.class.php 第 75 行.
INFO: [ app_begin ] --START--
INFO: Run Behavior\ReadHtmlCacheBehavior [ RunTime:0.000000s ]
INFO: [ app_begin ] --END-- [ RunTime:0.000000s ]
NOTIC: [8] Undefined index: access_token Q:\www\soa\Application\Admin\Lib\Api\WeChatApi.class.php 第 89 行.
ERR: 非法操作:Admin

[ 2015-06-29T21:47:21+08:00 ] 127.0.0.1 /Public/Admin/resource/js/beyond.min.js.map
INFO: [ app_init ] --START--
INFO: Run Behavior\BuildLiteBehavior [ RunTime:0.000000s ]
INFO: [ app_init ] --END-- [ RunTime:0.000000s ]
NOTIC: [8] Constant BIND_MODULE already defined Q:\www\soa\ThinkPHP\Library\Think\Dispatcher.class.php 第 75 行.
INFO: [ app_begin ] --START--
INFO: Run Behavior\ReadHtmlCacheBehavior [ RunTime:0.000000s ]
INFO: [ app_begin ] --END-- [ RunTime:0.000000s ]
NOTIC: [8] Undefined index: access_token Q:\www\soa\Application\Admin\Lib\Api\WeChatApi.class.php 第 89 行.
ERR: 非法操作:Admin

[ 2015-06-29T22:04:33+08:00 ] 127.0.0.1 /addressbook/member
INFO: [ app_init ] --START--
INFO: Run Behavior\BuildLiteBehavior [ RunTime:0.000000s ]
INFO: [ app_init ] --END-- [ RunTime:0.000000s ]
NOTIC: [8] Constant BIND_MODULE already defined Q:\www\soa\ThinkPHP\Library\Think\Dispatcher.class.php 第 75 行.
INFO: [ app_begin ] --START--
INFO: Run Behavior\ReadHtmlCacheBehavior [ RunTime:0.001000s ]
INFO: [ app_begin ] --END-- [ RunTime:0.001000s ]
NOTIC: [8] Undefined index: access_token Q:\www\soa\Application\Admin\Lib\Api\WeChatApi.class.php 第 89 行.
SQL: SHOW COLUMNS FROM `soa_dept` [ RunTime:0.0030s ]
SQL: SHOW COLUMNS FROM `soa_position` [ RunTime:0.0030s ]
SQL: SHOW COLUMNS FROM `soa_rank` [ RunTime:0.0030s ]
SQL: SHOW COLUMNS FROM `soa_member` [ RunTime:0.0030s ]
SQL: SELECT COUNT(*) AS tp_count FROM `soa_member` LIMIT 1   [ RunTime:0.0010s ]
SQL: SELECT * FROM `soa_member` LIMIT 10   [ RunTime:0.0010s ]
SQL: SELECT * FROM `soa_position`  [ RunTime:0.0010s ]
SQL: SELECT * FROM `soa_dept`  [ RunTime:0.0000s ]
INFO: [ view_parse ] --START--
INFO: [ template_filter ] --START--
INFO: Run Behavior\ContentReplaceBehavior [ RunTime:0.000000s ]
INFO: [ template_filter ] --END-- [ RunTime:0.001000s ]
NOTIC: [8] Undefined property: stdClass::$data Q:\www\soa\Application\Runtime\Cache\Admin\bae55c221672ea96526a5cf566838f08.php 第 171 行.
NOTIC: [8] Trying to get property of non-object Q:\www\soa\Application\Runtime\Cache\Admin\bae55c221672ea96526a5cf566838f08.php 第 171 行.
NOTIC: [2048] Only variables should be passed by reference Q:\www\soa\Application\Runtime\Cache\Admin\bae55c221672ea96526a5cf566838f08.php 第 749 行.
INFO: Run Behavior\ParseTemplateBehavior [ RunTime:0.022001s ]
INFO: [ view_parse ] --END-- [ RunTime:0.022001s ]
INFO: [ view_filter ] --START--
INFO: Run Behavior\WriteHtmlCacheBehavior [ RunTime:0.000000s ]
INFO: [ view_filter ] --END-- [ RunTime:0.001000s ]
INFO: [ app_end ] --START--
INFO: Run Behavior\ShowPageTraceBehavior [ RunTime:0.001000s ]
INFO: [ app_end ] --END-- [ RunTime:0.001000s ]

[ 2015-06-29T22:04:33+08:00 ] 127.0.0.1 /Public/Admin/resource/js/skins.min.js.map
INFO: [ app_init ] --START--
INFO: Run Behavior\BuildLiteBehavior [ RunTime:0.000000s ]
INFO: [ app_init ] --END-- [ RunTime:0.000000s ]
NOTIC: [8] Constant BIND_MODULE already defined Q:\www\soa\ThinkPHP\Library\Think\Dispatcher.class.php 第 75 行.
INFO: [ app_begin ] --START--
INFO: Run Behavior\ReadHtmlCacheBehavior [ RunTime:0.001000s ]
INFO: [ app_begin ] --END-- [ RunTime:0.001000s ]
NOTIC: [8] Undefined index: access_token Q:\www\soa\Application\Admin\Lib\Api\WeChatApi.class.php 第 89 行.
ERR: 非法操作:Admin

[ 2015-06-29T22:04:34+08:00 ] 127.0.0.1 /Public/Admin/resource/js/beyond.min.js.map
INFO: [ app_init ] --START--
INFO: Run Behavior\BuildLiteBehavior [ RunTime:0.000000s ]
INFO: [ app_init ] --END-- [ RunTime:0.000000s ]
NOTIC: [8] Constant BIND_MODULE already defined Q:\www\soa\ThinkPHP\Library\Think\Dispatcher.class.php 第 75 行.
INFO: [ app_begin ] --START--
INFO: Run Behavior\ReadHtmlCacheBehavior [ RunTime:0.001000s ]
INFO: [ app_begin ] --END-- [ RunTime:0.001000s ]
NOTIC: [8] Undefined index: access_token Q:\www\soa\Application\Admin\Lib\Api\WeChatApi.class.php 第 89 行.
ERR: 非法操作:Admin

[ 2015-06-29T22:30:56+08:00 ] 127.0.0.1 /addressbook/position
INFO: [ app_init ] --START--
INFO: Run Behavior\BuildLiteBehavior [ RunTime:0.000000s ]
INFO: [ app_init ] --END-- [ RunTime:0.001000s ]
NOTIC: [8] Constant BIND_MODULE already defined Q:\www\soa\ThinkPHP\Library\Think\Dispatcher.class.php 第 75 行.
INFO: [ app_begin ] --START--
INFO: Run Behavior\ReadHtmlCacheBehavior [ RunTime:0.000000s ]
INFO: [ app_begin ] --END-- [ RunTime:0.001000s ]
NOTIC: [8] Undefined index: access_token Q:\www\soa\Application\Admin\Lib\Api\WeChatApi.class.php 第 89 行.
SQL: SHOW COLUMNS FROM `soa_dept` [ RunTime:0.0050s ]
SQL: SHOW COLUMNS FROM `soa_position` [ RunTime:0.0050s ]
SQL: SHOW COLUMNS FROM `soa_rank` [ RunTime:0.0050s ]
SQL: SHOW COLUMNS FROM `soa_member` [ RunTime:0.0060s ]
SQL: SELECT * FROM `soa_position`  [ RunTime:0.0010s ]
INFO: [ view_parse ] --START--
INFO: [ template_filter ] --START--
INFO: Run Behavior\ContentReplaceBehavior [ RunTime:0.000000s ]
INFO: [ template_filter ] --END-- [ RunTime:0.000000s ]
NOTIC: [8] Undefined property: stdClass::$data Q:\www\soa\Application\Runtime\Cache\Admin\861a1cf3ef34c972ee332b24b17c202d.php 第 171 行.
NOTIC: [8] Trying to get property of non-object Q:\www\soa\Application\Runtime\Cache\Admin\861a1cf3ef34c972ee332b24b17c202d.php 第 171 行.
NOTIC: [2048] Only variables should be passed by reference Q:\www\soa\Application\Runtime\Cache\Admin\861a1cf3ef34c972ee332b24b17c202d.php 第 646 行.
INFO: Run Behavior\ParseTemplateBehavior [ RunTime:0.027002s ]
INFO: [ view_parse ] --END-- [ RunTime:0.027002s ]
INFO: [ view_filter ] --START--
INFO: Run Behavior\WriteHtmlCacheBehavior [ RunTime:0.001000s ]
INFO: [ view_filter ] --END-- [ RunTime:0.001000s ]
INFO: [ app_end ] --START--
INFO: Run Behavior\ShowPageTraceBehavior [ RunTime:0.001000s ]
INFO: [ app_end ] --END-- [ RunTime:0.002000s ]

[ 2015-06-29T22:30:57+08:00 ] 127.0.0.1 /Public/Admin/resource/js/skins.min.js.map
INFO: [ app_init ] --START--
INFO: Run Behavior\BuildLiteBehavior [ RunTime:0.000000s ]
INFO: [ app_init ] --END-- [ RunTime:0.001000s ]
NOTIC: [8] Constant BIND_MODULE already defined Q:\www\soa\ThinkPHP\Library\Think\Dispatcher.class.php 第 75 行.
INFO: [ app_begin ] --START--
INFO: Run Behavior\ReadHtmlCacheBehavior [ RunTime:0.001000s ]
INFO: [ app_begin ] --END-- [ RunTime:0.001000s ]
NOTIC: [8] Undefined index: access_token Q:\www\soa\Application\Admin\Lib\Api\WeChatApi.class.php 第 89 行.
ERR: 非法操作:Admin

[ 2015-06-29T22:30:57+08:00 ] 127.0.0.1 /Public/Admin/resource/js/beyond.min.js.map
INFO: [ app_init ] --START--
INFO: Run Behavior\BuildLiteBehavior [ RunTime:0.000000s ]
INFO: [ app_init ] --END-- [ RunTime:0.001000s ]
NOTIC: [8] Constant BIND_MODULE already defined Q:\www\soa\ThinkPHP\Library\Think\Dispatcher.class.php 第 75 行.
INFO: [ app_begin ] --START--
INFO: Run Behavior\ReadHtmlCacheBehavior [ RunTime:0.001000s ]
INFO: [ app_begin ] --END-- [ RunTime:0.001000s ]
NOTIC: [8] Undefined index: access_token Q:\www\soa\Application\Admin\Lib\Api\WeChatApi.class.php 第 89 行.
ERR: 非法操作:Admin

[ 2015-06-29T22:31:00+08:00 ] 127.0.0.1 /addressbook/get_position
INFO: [ app_init ] --START--
INFO: Run Behavior\BuildLiteBehavior [ RunTime:0.000000s ]
INFO: [ app_init ] --END-- [ RunTime:0.000000s ]
NOTIC: [8] Constant BIND_MODULE already defined Q:\www\soa\ThinkPHP\Library\Think\Dispatcher.class.php 第 75 行.
INFO: [ app_begin ] --START--
INFO: Run Behavior\ReadHtmlCacheBehavior [ RunTime:0.001000s ]
INFO: [ app_begin ] --END-- [ RunTime:0.002000s ]
NOTIC: [8] Undefined index: access_token Q:\www\soa\Application\Admin\Lib\Api\WeChatApi.class.php 第 89 行.
SQL: SHOW COLUMNS FROM `soa_dept` [ RunTime:0.0030s ]
SQL: SHOW COLUMNS FROM `soa_position` [ RunTime:0.0030s ]
SQL: SHOW COLUMNS FROM `soa_rank` [ RunTime:0.0030s ]
SQL: SHOW COLUMNS FROM `soa_member` [ RunTime:0.0030s ]
SQL: SELECT * FROM `soa_position` WHERE `id` = 1 LIMIT 1   [ RunTime:0.0000s ]
INFO: [ app_end ] --START--
INFO: Run Behavior\ShowPageTraceBehavior [ RunTime:0.001000s ]
INFO: [ app_end ] --END-- [ RunTime:0.001000s ]

